  Using 'git status' to determine working set for adaptive non-unity build (D:\Code\ldjam\ludum-dare-48\ld48).
  Creating makefile for ld48Editor (no existing makefile)
  Parsing headers for ld48Editor
    Running UnrealHeaderTool "D:\Code\ldjam\ludum-dare-48\ld48\ld48.uproject" "D:\Code\ldjam\ludum-dare-48\ld48\Intermediate\Build\Win64\ld48Editor\Development\ld48Editor.uhtmanifest" -LogCmds="loginit warning, logexit warning, logdatabase error" -Unattended -WarningsAsErrors -abslog="C:\Users\Patrik\AppData\Local\UnrealBuildTool\Log_UHT.txt" -installed
  Reflection code generated for ld48Editor in 43.9534967 seconds
  Building ld48Editor...
  Using Visual Studio 2017 14.16.27039 toolchain (C:\Program Files (x86)\Microsoft Visual Studio\2017\Community\VC\Tools\MSVC\14.16.27023) and Windows 10.0.17763.0 SDK (C:\Program Files (x86)\Windows Kits\10).
  Building 9 actions with 4 processes...
    [1/9] Default.rc2
    [2/9] SharedPCH.Engine.ShadowErrors.cpp
    [3/9] ld48.cpp
    [4/9] ld48.init.gen.cpp
    [5/9] ld48GameModeBase.cpp
    [6/9] ld48GameModeBase.gen.cpp
    [7/9] UE4Editor-ld48.lib
       Creating library D:\Code\ldjam\ludum-dare-48\ld48\Intermediate\Build\Win64\UE4Editor\Development\ld48\UE4Editor-ld48.lib and object D:\Code\ldjam\ludum-dare-48\ld48\Intermediate\Build\Win64\UE4Editor\Development\ld48\UE4Editor-ld48.exp
    [8/9] UE4Editor-ld48.dll
       Creating library D:\Code\ldjam\ludum-dare-48\ld48\Intermediate\Build\Win64\UE4Editor\Development\ld48\UE4Editor-ld48.suppressed.lib and object D:\Code\ldjam\ludum-dare-48\ld48\Intermediate\Build\Win64\UE4Editor\Development\ld48\UE4Editor-ld48.suppressed.exp
    [9/9] ld48Editor.target
  Total time in Parallel executor: 53.01 seconds
  Total execution time: 114.68 seconds
